  Eugene.cpp
c:\users\женя\source\repos\курсовой проект\sfmlproject\tanks.h(43): warning C4244: =: преобразование "int" в "float", возможна потеря данных
c:\users\женя\source\repos\курсовой проект\sfmlproject\tanks.h(43): warning C4244: =: преобразование "float" в "int", возможна потеря данных
c:\users\женя\source\repos\курсовой проект\sfmlproject\tanks.h(50): warning C4244: аргумент: преобразование "float" в "T", возможна потеря данных
          with
          [
              T=int
          ]
c:\users\женя\source\repos\курсовой проект\sfmlproject\tanks.h(54): warning C4244: инициализация: преобразование "float" в "int", возможна потеря данных
c:\users\женя\source\repos\курсовой проект\sfmlproject\tanks.h(55): warning C4244: инициализация: преобразование "float" в "int", возможна потеря данных
c:\users\женя\source\repos\курсовой проект\sfmlproject\tanks.h(59): warning C4244: =: преобразование "int" в "float", возможна потеря данных
c:\users\женя\source\repos\курсовой проект\sfmlproject\tanks.h(61): warning C4244: =: преобразование "int" в "float", возможна потеря данных
c:\users\женя\source\repos\курсовой проект\sfmlproject\tanks.h(63): warning C4244: =: преобразование "int" в "float", возможна потеря данных
c:\users\женя\source\repos\курсовой проект\sfmlproject\tanks.h(65): warning C4244: =: преобразование "int" в "float", возможна потеря данных
c:\users\женя\source\repos\курсовой проект\sfmlproject\tanks.h(85): warning C4244: аргумент: преобразование "float" в "int", возможна потеря данных
c:\users\женя\source\repos\курсовой проект\sfmlproject\tanks.h(111): warning C4305: =: усечение из "double" в "float"
c:\users\женя\source\repos\курсовой проект\sfmlproject\tanks.h(120): warning C4244: инициализация: преобразование "float" в "int", возможна потеря данных
c:\users\женя\source\repos\курсовой проект\sfmlproject\tanks.h(121): warning C4244: инициализация: преобразование "float" в "int", возможна потеря данных
c:\users\женя\source\repos\курсовой проект\sfmlproject\tanks.h(143): warning C4244: return: преобразование "float" в "int", возможна потеря данных
c:\users\женя\source\repos\курсовой проект\sfmlproject\tanks.h(144): warning C4244: return: преобразование "float" в "int", возможна потеря данных
c:\users\женя\source\repos\курсовой проект\sfmlproject\tanks.h(199): warning C4244: инициализация: преобразование "sf::Int64" в "float", возможна потеря данных
c:\users\женя\source\repos\курсовой проект\sfmlproject\tanks.h(228): warning C4305: =: усечение из "double" в "float"
c:\users\женя\source\repos\курсовой проект\sfmlproject\tanks.h(229): warning C4244: +=: преобразование "double" в "float", возможна потеря данных
c:\users\женя\source\repos\курсовой проект\sfmlproject\tanks.h(234): warning C4305: =: усечение из "double" в "float"
c:\users\женя\source\repos\курсовой проект\sfmlproject\tanks.h(235): warning C4244: +=: преобразование "double" в "float", возможна потеря данных
c:\users\женя\source\repos\курсовой проект\sfmlproject\tanks.h(240): warning C4305: =: усечение из "double" в "float"
c:\users\женя\source\repos\курсовой проект\sfmlproject\tanks.h(241): warning C4244: +=: преобразование "double" в "float", возможна потеря данных
c:\users\женя\source\repos\курсовой проект\sfmlproject\tanks.h(248): warning C4305: =: усечение из "double" в "float"
c:\users\женя\source\repos\курсовой проект\sfmlproject\tanks.h(249): warning C4244: +=: преобразование "double" в "float", возможна потеря данных
c:\users\женя\source\repos\курсовой проект\sfmlproject\tanks.h(260): warning C4305: =: усечение из "double" в "float"
c:\users\женя\source\repos\курсовой проект\sfmlproject\tanks.h(261): warning C4244: +=: преобразование "double" в "float", возможна потеря данных
c:\users\женя\source\repos\курсовой проект\sfmlproject\tanks.h(266): warning C4305: =: усечение из "double" в "float"
c:\users\женя\source\repos\курсовой проект\sfmlproject\tanks.h(267): warning C4244: +=: преобразование "double" в "float", возможна потеря данных
c:\users\женя\source\repos\курсовой проект\sfmlproject\tanks.h(272): warning C4305: =: усечение из "double" в "float"
c:\users\женя\source\repos\курсовой проект\sfmlproject\tanks.h(273): warning C4244: +=: преобразование "double" в "float", возможна потеря данных
c:\users\женя\source\repos\курсовой проект\sfmlproject\tanks.h(280): warning C4305: =: усечение из "double" в "float"
c:\users\женя\source\repos\курсовой проект\sfmlproject\tanks.h(281): warning C4244: +=: преобразование "double" в "float", возможна потеря данных
c:\users\женя\source\repos\курсовой проект\sfmlproject\tanks.h(308): warning C4244: =: преобразование "sf::Int64" в "float", возможна потеря данных
c:\users\женя\source\repos\курсовой проект\sfmlproject\tanks.h(333): warning C4244: =: преобразование "sf::Int64" в "float", возможна потеря данных
c:\users\женя\source\repos\курсовой проект\sfmlproject\tanks.h(359): warning C4244: аргумент: преобразование "int" в "float", возможна потеря данных
c:\users\женя\source\repos\курсовой проект\sfmlproject\tanks.h(366): warning C4244: =: преобразование "float" в "int", возможна потеря данных
c:\users\женя\source\repos\курсовой проект\sfmlproject\tanks.h(383): warning C4244: инициализация: преобразование "float" в "int", возможна потеря данных
  SfmlProject.vcxproj -> C:\Users\Женя\source\repos\Курсовой проект\x64\Debug\SfmlProject.exe
